[debug] [2017-08-29T21:07:54.097Z] ----------------------------------------------------------------------
[debug] [2017-08-29T21:07:54.104Z] Command:       /usr/local/bin/node /usr/local/bin/firebase deploy
[debug] [2017-08-29T21:07:54.105Z] CLI Version:   3.9.2
[debug] [2017-08-29T21:07:54.105Z] Platform:      darwin
[debug] [2017-08-29T21:07:54.105Z] Node Version:  v6.11.2
[debug] [2017-08-29T21:07:54.107Z] Time:          Tue Aug 29 2017 16:07:54 GMT-0500 (COT)
[debug] [2017-08-29T21:07:54.108Z] ----------------------------------------------------------------------
[debug] 
[debug] [2017-08-29T21:07:54.137Z] > command requires scopes: ["email","openid","https://www.googleapis.com/auth/cloudplatformprojects.readonly","https://www.googleapis.com/auth/firebase","https://www.googleapis.com/auth/cloud-platform"]
[debug] [2017-08-29T21:07:54.137Z] > authorizing via signed-in user
[debug] [2017-08-29T21:07:54.147Z] > refreshing access token with scopes: ["email","https://www.googleapis.com/auth/cloud-platform","https://www.googleapis.com/auth/cloudplatformprojects.readonly","https://www.googleapis.com/auth/firebase","openid"]
[debug] [2017-08-29T21:07:54.148Z] >>> HTTP REQUEST POST https://www.googleapis.com/oauth2/v3/token { refresh_token: '1/EBytzGm_hO2CD0sE66hHdfPWUKobepKOeSbkJLgIUQM7rvL_yk7QZ9bb0C4dAojQ',
  client_id: '563584335869-fgrhgmd47bqnekij5i8b5pr03ho849e6.apps.googleusercontent.com',
  client_secret: 'j9iVZfS8kkCEFUPaAeJV0sAi',
  grant_type: 'refresh_token',
  scope: 'email https://www.googleapis.com/auth/cloud-platform https://www.googleapis.com/auth/cloudplatformprojects.readonly https://www.googleapis.com/auth/firebase openid' } 
 Tue Aug 29 2017 16:07:54 GMT-0500 (COT)
[debug] [2017-08-29T21:13:18.016Z] ----------------------------------------------------------------------
[debug] [2017-08-29T21:13:18.019Z] Command:       /usr/local/bin/node /usr/local/bin/firebase deploy
[debug] [2017-08-29T21:13:18.019Z] CLI Version:   3.9.2
[debug] [2017-08-29T21:13:18.019Z] Platform:      darwin
[debug] [2017-08-29T21:13:18.019Z] Node Version:  v6.11.2
[debug] [2017-08-29T21:13:18.020Z] Time:          Tue Aug 29 2017 16:13:18 GMT-0500 (COT)
[debug] [2017-08-29T21:13:18.020Z] ----------------------------------------------------------------------
[debug] 
[debug] [2017-08-29T21:13:18.034Z] > command requires scopes: ["email","openid","https://www.googleapis.com/auth/cloudplatformprojects.readonly","https://www.googleapis.com/auth/firebase","https://www.googleapis.com/auth/cloud-platform"]
[debug] [2017-08-29T21:13:18.034Z] > authorizing via signed-in user
[debug] [2017-08-29T21:13:18.036Z] > refreshing access token with scopes: ["email","https://www.googleapis.com/auth/cloud-platform","https://www.googleapis.com/auth/cloudplatformprojects.readonly","https://www.googleapis.com/auth/firebase","openid"]
[debug] [2017-08-29T21:13:18.036Z] >>> HTTP REQUEST POST https://www.googleapis.com/oauth2/v3/token { refresh_token: '1/EBytzGm_hO2CD0sE66hHdfPWUKobepKOeSbkJLgIUQM7rvL_yk7QZ9bb0C4dAojQ',
  client_id: '563584335869-fgrhgmd47bqnekij5i8b5pr03ho849e6.apps.googleusercontent.com',
  client_secret: 'j9iVZfS8kkCEFUPaAeJV0sAi',
  grant_type: 'refresh_token',
  scope: 'email https://www.googleapis.com/auth/cloud-platform https://www.googleapis.com/auth/cloudplatformprojects.readonly https://www.googleapis.com/auth/firebase openid' } 
 Tue Aug 29 2017 16:13:18 GMT-0500 (COT)
[debug] [2017-08-29T21:13:22.256Z] <<< HTTP RESPONSE 200
[debug] [2017-08-29T21:13:22.268Z] >>> HTTP REQUEST GET https://admin.firebase.com/v1/projects/logbookmh  
 Tue Aug 29 2017 16:13:22 GMT-0500 (COT)
[debug] [2017-08-29T21:13:27.089Z] <<< HTTP RESPONSE 200
[debug] [2017-08-29T21:13:27.090Z] >>> HTTP REQUEST GET https://admin.firebase.com/v1/database/logbookmh/tokens  
 Tue Aug 29 2017 16:13:27 GMT-0500 (COT)
[debug] [2017-08-29T21:13:28.676Z] <<< HTTP RESPONSE 200
[info] 
[info] === Deploying to 'logbookmh'...
[info] 
[info] i  deploying hosting
[info] i  hosting: preparing public directory for upload...
[debug] [2017-08-29T21:14:00.309Z] >>> HTTP REQUEST PUT https://deploy.firebase.com/v1/hosting/logbookmh/uploads/-Ksjq-O4A9ZcYDAen81-?fileCount=25&message=  
 Tue Aug 29 2017 16:14:00 GMT-0500 (COT)
[debug] [2017-08-29T21:14:58.978Z] <<< HTTP RESPONSE 200
[debug] [2017-08-29T21:14:58.981Z] [hosting] .tgz uploaded successfully, waiting for extraction
[info] ✔  hosting: 25 files uploaded successfully
[info] i  starting release process (may take several minutes)...
[debug] [2017-08-29T21:15:35.149Z] >>> HTTP REQUEST POST https://deploy.firebase.com/v1/projects/logbookmh/releases { hosting: 
   { public: 'public',
     ignore: [ 'firebase.json', '**/.*', '**/node_modules/**' ],
     version: '-Ksjq-O4A9ZcYDAen81-',
     prefix: '-Ksjq-O4A9ZcYDAen81-/',
     manifest: [] } } 
 Tue Aug 29 2017 16:15:35 GMT-0500 (COT)
[debug] [2017-08-29T21:16:04.124Z] <<< HTTP RESPONSE 200
[info] 
[info] ✔  Deploy complete!
[info] 
[info] Project Console: https://console.firebase.google.com/project/logbookmh/overview
[info] Hosting URL: https://logbookmh.firebaseapp.com
